1748097919501	geckodriver	INFO	Listening on 127.0.0.1:56653
1748097919594	mozrunner::runner	INFO	Running command: MOZ_CRASHREPORTER="1" MOZ_CRASHREPORTER_NO_REPORT="1" MOZ_CRASHREPORTER_SHUTDOWN="1" "/Applications/Firefox. ... s" "localhost" "-foreground" "-no-remote" "-profile" "/var/folders/kz/5ld818f5435dp_v10ccrpb3w0000gn/T/rust_mozprofileP6ItSx"
console.warn: services.settings: Ignoring preference override of remote settings server
console.warn: services.settings: Allow by setting MOZ_REMOTE_SETTINGS_DEVTOOLS=1 in the environment
1748097920662	Marionette	INFO	Marionette enabled
1748097921065	Marionette	INFO	Listening on port 56660
Read port: 56660
WebDriver BiDi listening on ws://127.0.0.1:56654
1748097921345	RemoteAgent	WARN	TLS certificate errors will be ignored for this session
JavaScript warning: https://challenges.cloudflare.com/cdn-cgi/challenge-platform/h/g/orchestrate/chl_api/v1?ray=944d939f8cc0776c&lang=auto, line 1: WEBGL_debug_renderer_info is deprecated in Firefox and will be removed. Please use RENDERER.
JavaScript error: https://challenges.cloudflare.com/turnstile/v0/api.js?onload=onloadTurnstileCallback, line 1: TurnstileError: [Cloudflare Turnstile] Error: 600010.
1748097939554	Marionette	WARN	Ignoring event 'pageshow' because document has an invalid readyState of 'uninitialized'.
1748097966158	Marionette	INFO	Stopped listening on port 56660
JavaScript warning: https://www.googletagmanager.com/gtag/js?id=G-KPNNLL8ESQ&cx=c&gtm=45He55l1v79520324za200&tag_exp=101509157~103116026~103130495~103130497~103200004~103233427~103252644~103252646~104481633~104481635, line 735: Script terminated by timeout at:
aa.qj@https://www.googletagmanager.com/gtag/js?id=G-KPNNLL8ESQ&cx=c&gtm=45He55l1v79520324za200&tag_exp=101509157~103116026~103130495~103130497~103200004~103233427~103252644~103252646~104481633~104481635:735:30
get@https://www.googletagmanager.com/gtag/js?id=G-KPNNLL8ESQ&cx=c&gtm=45He55l1v79520324za200&tag_exp=101509157~103116026~103130495~103130497~103200004~103233427~103252644~103252646~104481633~104481635:733:119
stop@https://www.googletagmanager.com/gtag/js?id=G-KPNNLL8ESQ&cx=c&gtm=45He55l1v79520324za200&tag_exp=101509157~103116026~103130495~103130497~103200004~103233427~103252644~103252646~104481633~104481635:733:87
aa.Nn/c/<@https://www.googletagmanager.com/gtag/js?id=G-KPNNLL8ESQ&cx=c&gtm=45He55l1v79520324za200&tag_exp=101509157~103116026~103130495~103130497~103200004~103233427~103252644~103252646~104481633~104481635:733:412

JavaScript warning: https://cdnjs.cloudflare.com/ajax/libs/socket.io/1.7.4/socket.io.min.js, line 2: Script terminated by timeout at:
n.prototype.emit@https://cdnjs.cloudflare.com/ajax/libs/socket.io/1.7.4/socket.io.min.js:2:28572
n.prototype.onError@https://cdnjs.cloudflare.com/ajax/libs/socket.io/1.7.4/socket.io.min.js:2:17383
n.prototype.addEventListeners/this.ws.onerror@https://cdnjs.cloudflare.com/ajax/libs/socket.io/1.7.4/socket.io.min.js:3:1493

1748097986050	geckodriver	INFO	Listening on 127.0.0.1:56718
1748097986563	mozrunner::runner	INFO	Running command: MOZ_CRASHREPORTER="1" MOZ_CRASHREPORTER_NO_REPORT="1" MOZ_CRASHREPORTER_SHUTDOWN="1" "/Applications/Firefox. ... s" "localhost" "-foreground" "-no-remote" "-profile" "/var/folders/kz/5ld818f5435dp_v10ccrpb3w0000gn/T/rust_mozprofilexCyuq2"
console.warn: services.settings: Ignoring preference override of remote settings server
console.warn: services.settings: Allow by setting MOZ_REMOTE_SETTINGS_DEVTOOLS=1 in the environment
1748097987421	Marionette	INFO	Marionette enabled
1748097987815	Marionette	INFO	Listening on port 56728
Read port: 56728
WebDriver BiDi listening on ws://127.0.0.1:56719
1748097988035	RemoteAgent	WARN	TLS certificate errors will be ignored for this session
JavaScript warning: https://challenges.cloudflare.com/cdn-cgi/challenge-platform/h/g/orchestrate/chl_api/v1?ray=944d9543fdb56331&lang=auto, line 1: WEBGL_debug_renderer_info is deprecated in Firefox and will be removed. Please use RENDERER.
JavaScript error: https://challenges.cloudflare.com/turnstile/v0/api.js?onload=onloadTurnstileCallback, line 1: TurnstileError: [Cloudflare Turnstile] Error: 600010.
1748098005359	Marionette	WARN	Ignoring event 'pageshow' because document has an invalid readyState of 'uninitialized'.
1748098014617	Marionette	INFO	Stopped listening on port 56728
JavaScript warning: https://www.googletagmanager.com/gtag/js?id=G-KPNNLL8ESQ&cx=c&gtm=45He55l1v79520324za200&tag_exp=101509157~102015666~103116026~103130495~103130497~103200004~103233427~103252644~103252646~104481633~104481635, line 736: Script terminated by timeout at:
aa.qj@https://www.googletagmanager.com/gtag/js?id=G-KPNNLL8ESQ&cx=c&gtm=45He55l1v79520324za200&tag_exp=101509157~102015666~103116026~103130495~103130497~103200004~103233427~103252644~103252646~104481633~104481635:736:30
get@https://www.googletagmanager.com/gtag/js?id=G-KPNNLL8ESQ&cx=c&gtm=45He55l1v79520324za200&tag_exp=101509157~102015666~103116026~103130495~103130497~103200004~103233427~103252644~103252646~104481633~104481635:734:119
stop@https://www.googletagmanager.com/gtag/js?id=G-KPNNLL8ESQ&cx=c&gtm=45He55l1v79520324za200&tag_exp=101509157~102015666~103116026~103130495~103130497~103200004~103233427~103252644~103252646~104481633~104481635:734:87
aa.Nn/c/<@https://www.googletagmanager.com/gtag/js?id=G-KPNNLL8ESQ&cx=c&gtm=45He55l1v79520324za200&tag_exp=101509157~102015666~103116026~103130495~103130497~103200004~103233427~103252644~103252646~104481633~104481635:734:412

1748103335389	geckodriver	INFO	Listening on 127.0.0.1:56971
1748103335904	mozrunner::runner	INFO	Running command: MOZ_CRASHREPORTER="1" MOZ_CRASHREPORTER_NO_REPORT="1" MOZ_CRASHREPORTER_SHUTDOWN="1" "/Applications/Firefox. ... s" "localhost" "-foreground" "-no-remote" "-profile" "/var/folders/kz/5ld818f5435dp_v10ccrpb3w0000gn/T/rust_mozprofile1qgyuT"
console.warn: services.settings: Ignoring preference override of remote settings server
console.warn: services.settings: Allow by setting MOZ_REMOTE_SETTINGS_DEVTOOLS=1 in the environment
1748103336970	Marionette	INFO	Marionette enabled
1748103337473	Marionette	INFO	Listening on port 56981
Read port: 56981
WebDriver BiDi listening on ws://127.0.0.1:56972
1748103337845	RemoteAgent	WARN	TLS certificate errors will be ignored for this session
JavaScript warning: https://challenges.cloudflare.com/cdn-cgi/challenge-platform/h/g/orchestrate/chl_api/v1?ray=944e17f2585c7796&lang=auto, line 1: WEBGL_debug_renderer_info is deprecated in Firefox and will be removed. Please use RENDERER.
JavaScript error: https://challenges.cloudflare.com/turnstile/v0/api.js?onload=onloadTurnstileCallback, line 1: TurnstileError: [Cloudflare Turnstile] Error: 600010.
1748103358871	Marionette	WARN	Ignoring event 'pageshow' because document has an invalid readyState of 'uninitialized'.
1748103428985	Marionette	INFO	Stopped listening on port 56981
JavaScript warning: https://www.googletagmanager.com/gtag/js?id=G-KPNNLL8ESQ&cx=c&gtm=45He55l1h1v79520324za200&tag_exp=101509157~103116026~103130498~103130500~103200004~103233427~103252644~103252646~104481633~104481635, line 734: Script terminated by timeout at:
aa.qj@https://www.googletagmanager.com/gtag/js?id=G-KPNNLL8ESQ&cx=c&gtm=45He55l1h1v79520324za200&tag_exp=101509157~103116026~103130498~103130500~103200004~103233427~103252644~103252646~104481633~104481635:734:490
get@https://www.googletagmanager.com/gtag/js?id=G-KPNNLL8ESQ&cx=c&gtm=45He55l1h1v79520324za200&tag_exp=101509157~103116026~103130498~103130500~103200004~103233427~103252644~103252646~104481633~104481635:733:119
stop@https://www.googletagmanager.com/gtag/js?id=G-KPNNLL8ESQ&cx=c&gtm=45He55l1h1v79520324za200&tag_exp=101509157~103116026~103130498~103130500~103200004~103233427~103252644~103252646~104481633~104481635:733:87
aa.Nn/c/<@https://www.googletagmanager.com/gtag/js?id=G-KPNNLL8ESQ&cx=c&gtm=45He55l1h1v79520324za200&tag_exp=101509157~103116026~103130498~103130500~103200004~103233427~103252644~103252646~104481633~104481635:733:412

JavaScript warning: https://cdnjs.cloudflare.com/ajax/libs/socket.io/1.7.4/socket.io.min.js, line 2: Script terminated by timeout at:
n.prototype.emit@https://cdnjs.cloudflare.com/ajax/libs/socket.io/1.7.4/socket.io.min.js:2:28572
n.prototype.onError@https://cdnjs.cloudflare.com/ajax/libs/socket.io/1.7.4/socket.io.min.js:2:17383
n.prototype.addEventListeners/this.ws.onerror@https://cdnjs.cloudflare.com/ajax/libs/socket.io/1.7.4/socket.io.min.js:3:1493

1748104852189	geckodriver	INFO	Listening on 127.0.0.1:57168
1748104852701	mozrunner::runner	INFO	Running command: MOZ_CRASHREPORTER="1" MOZ_CRASHREPORTER_NO_REPORT="1" MOZ_CRASHREPORTER_SHUTDOWN="1" "/Applications/Firefox. ... s" "localhost" "-foreground" "-no-remote" "-profile" "/var/folders/kz/5ld818f5435dp_v10ccrpb3w0000gn/T/rust_mozprofileFTDlnj"
console.warn: services.settings: Ignoring preference override of remote settings server
console.warn: services.settings: Allow by setting MOZ_REMOTE_SETTINGS_DEVTOOLS=1 in the environment
1748104853825	Marionette	INFO	Marionette enabled
1748104854278	Marionette	INFO	Listening on port 57176
Read port: 57176
WebDriver BiDi listening on ws://127.0.0.1:57169
1748104854516	RemoteAgent	WARN	TLS certificate errors will be ignored for this session
JavaScript warning: https://challenges.cloudflare.com/cdn-cgi/challenge-platform/h/g/orchestrate/chl_api/v1?ray=944e3ce8dda33b56&lang=auto, line 1: WEBGL_debug_renderer_info is deprecated in Firefox and will be removed. Please use RENDERER.
JavaScript error: https://challenges.cloudflare.com/turnstile/v0/api.js?onload=onloadTurnstileCallback, line 1: TurnstileError: [Cloudflare Turnstile] Error: 600010.
JavaScript error: , line 0: TypeError: NetworkError when attempting to fetch resource.
JavaScript error: , line 0: TypeError: NetworkError when attempting to fetch resource.
1748104872296	Marionette	WARN	Ignoring event 'pageshow' because document has an invalid readyState of 'uninitialized'.
JavaScript error: https://challenges.cloudflare.com/turnstile/v0/api.js?onload=onloadTurnstileCallback, line 1: TurnstileError: [Cloudflare Turnstile] Could not load challenge from challenges.cloudflare.com..
JavaScript error: , line 0: uncaught exception: Object
JavaScript warning: https://challenges.cloudflare.com/cdn-cgi/challenge-platform/h/g/orchestrate/chl_api/v1?ray=944e3d3ddb563b56&lang=auto, line 1: WEBGL_debug_renderer_info is deprecated in Firefox and will be removed. Please use RENDERER.
JavaScript error: https://challenges.cloudflare.com/turnstile/v0/api.js?onload=onloadTurnstileCallback, line 1: TurnstileError: [Cloudflare Turnstile] Error: 600010.
JavaScript warning: https://challenges.cloudflare.com/cdn-cgi/challenge-platform/h/g/orchestrate/chl_api/v1?ray=944e3d4e5ed83b56&lang=auto, line 1: WEBGL_debug_renderer_info is deprecated in Firefox and will be removed. Please use RENDERER.
JavaScript error: https://challenges.cloudflare.com/turnstile/v0/api.js?onload=onloadTurnstileCallback, line 1: TurnstileError: [Cloudflare Turnstile] Error: 600010.
JavaScript warning: https://challenges.cloudflare.com/cdn-cgi/challenge-platform/h/g/orchestrate/chl_api/v1?ray=944e3d62cbb33b56&lang=auto, line 1: Script terminated by timeout at:
f9/<@https://challenges.cloudflare.com/cdn-cgi/challenge-platform/h/g/orchestrate/chl_api/v1?ray=944e3d62cbb33b56&lang=auto:1:119123
f9@https://challenges.cloudflare.com/cdn-cgi/challenge-platform/h/g/orchestrate/chl_api/v1?ray=944e3d62cbb33b56&lang=auto:1:120353
ff@https://challenges.cloudflare.com/cdn-cgi/challenge-platform/h/g/orchestrate/chl_api/v1?ray=944e3d62cbb33b56&lang=auto:1:109446
f9/<@https://challenges.cloudflare.com/cdn-cgi/challenge-platform/h/g/orchestrate/chl_api/v1?ray=944e3d62cbb33b56&lang=auto:1:119448
f9/<@https://challenges.cloudflare.com/cdn-cgi/challenge-platform/h/g/orchestrate/chl_api/v1?ray=944e3d62cbb33b56&lang=auto:1:120322
f9@https://challenges.cloudflare.com/cdn-cgi/challenge-platform/h/g/orchestrate/chl_api/v1?ray=944e3d62cbb33b56&lang=auto:1:120353
ff@https://challenges.cloudflare.com/cdn-cgi/challenge-platform/h/g/orchestrate/chl_api/v1?ray=944e3d62cbb33b56&lang=auto:1:109424
f9/<@https://challenges.cloudflare.com/cdn-cgi/challenge-platform/h/g/orchestrate/chl_api/v1?ray=944e3d62cbb33b56&lang=auto:1:119448
f9/<@https://challenges.cloudflare.com/cdn-cgi/challenge-platform/h/g/orchestrate/chl_api/v1?ray=944e3d62cbb33b56&lang=auto:1:120322
f9@https://challenges.cloudflare.com/cdn-cgi/challenge-platform/h/g/orchestrate/chl_api/v1?ray=944e3d62cbb33b56&lang=auto:1:120353
ff@https://challenges.cloudflare.com/cdn-cgi/challenge-platform/h/g/orchestrate/chl_api/v1?ray=944e3d62cbb33b56&lang=auto:1:109424
f9/<@https://challenges.cloudflare.com/cdn-cgi/challenge-platform/h/g/orchestrate/chl_api/v1?ray=944e3d62cbb33b56&lang=auto:1:119448
f9/<@https://challenges.cloudflare.com/cdn-cgi/challenge-platform/h/g/orchestrate/chl_api/v1?ray=944e3d62cbb33b56&lang=auto:1:120322
f9@https://challenges.cloudflare.com/cdn-cgi/challenge-platform/h/g/orchestrate/chl_api/v1?ray=944e3d62cbb33b56&lang=auto:1:120353
ff@https://challenges.cloudflare.com/cdn-cgi/challenge-platform/h/g/orchestrate/chl_api/v1?ray=944e3d62cbb33b56&lang=auto:1:109446
f9/<@https://challenges.cloudflare.com/cdn-cgi/challenge-platform/h/g/orchestrate/chl_api/v1?ray=944e3d62cbb33b56&lang=auto:1:119448
f9/<@https://challenges.cloudflare.com/cdn-cgi/challenge-platform/h/g/orchestrate/chl_api/v1?ray=944e3d62cbb33b56&lang=auto:1:120322
f9@https://challenges.cloudflare.com/cdn-cgi/challenge-platform/h/g/orchestrate/chl_api/v1?ray=944e3d62cbb33b56&lang=auto:1:120353
ff@https://challenges.cloudflare.com/cdn-cgi/challenge-platform/h/g/orchestrate/chl_api/v1?ray=944e3d62cbb33b56&lang=auto:1:109424
f9/<@https://challenges.cloudflare.com/cdn-cgi/challenge-platform/h/g/orchestrate/chl_api/v1?ray=944e3d62cbb33b56&lang=auto:1:119448
f9/<@https://challenges.cloudflare.com/cdn-cgi/challenge-platform/h/g/orchestrate/chl_api/v1?ray=944e3d62cbb33b56&lang=auto:1:120322
f9@https://challenges.cloudflare.com/cdn-cgi/challenge-platform/h/g/orchestrate/chl_api/v1?ray=944e3d62cbb33b56&lang=auto:1:120353
ff@https://challenges.cloudflare.com/cdn-cgi/challenge-platform/h/g/orchestrate/chl_api/v1?ray=944e3d62cbb33b56&lang=auto:1:109424
f9/<@https://challenges.cloudflare.com/cdn-cgi/challenge-platform/h/g/orchestrate/chl_api/v1?ray=944e3d62cbb33b56&lang=auto:1:119448
f9/<@https://challenges.cloudflare.com/cdn-cgi/challenge-platform/h/g/orchestrate/chl_api/v1?ray=944e3d62cbb33b56&lang=auto:1:120322
f9@https://challenges.cloudflare.com/cdn-cgi/challenge-platform/h/g/orchestrate/chl_api/v1?ray=944e3d62cbb33b56&lang=auto:1:120353

1748104882296	Marionette	WARN	Ignoring event 'pageshow' because document has an invalid readyState of 'uninitialized'.
JavaScript warning: https://challenges.cloudflare.com/cdn-cgi/challenge-platform/h/g/orchestrate/chl_api/v1?ray=944e3d751b803b56&lang=auto, line 1: Script terminated by timeout at:
gk/<@https://challenges.cloudflare.com/cdn-cgi/challenge-platform/h/g/orchestrate/chl_api/v1?ray=944e3d751b803b56&lang=auto:1:61955
gk@https://challenges.cloudflare.com/cdn-cgi/challenge-platform/h/g/orchestrate/chl_api/v1?ray=944e3d751b803b56&lang=auto:1:62623
gq@https://challenges.cloudflare.com/cdn-cgi/challenge-platform/h/g/orchestrate/chl_api/v1?ray=944e3d751b803b56&lang=auto:1:64592
gk/<@https://challenges.cloudflare.com/cdn-cgi/challenge-platform/h/g/orchestrate/chl_api/v1?ray=944e3d751b803b56&lang=auto:1:62392
gk/<@https://challenges.cloudflare.com/cdn-cgi/challenge-platform/h/g/orchestrate/chl_api/v1?ray=944e3d751b803b56&lang=auto:1:62595
gk@https://challenges.cloudflare.com/cdn-cgi/challenge-platform/h/g/orchestrate/chl_api/v1?ray=944e3d751b803b56&lang=auto:1:62623
gq@https://challenges.cloudflare.com/cdn-cgi/challenge-platform/h/g/orchestrate/chl_api/v1?ray=944e3d751b803b56&lang=auto:1:64614
gk/<@https://challenges.cloudflare.com/cdn-cgi/challenge-platform/h/g/orchestrate/chl_api/v1?ray=944e3d751b803b56&lang=auto:1:62392
gk/<@https://challenges.cloudflare.com/cdn-cgi/challenge-platform/h/g/orchestrate/chl_api/v1?ray=944e3d751b803b56&lang=auto:1:62595
gk@https://challenges.cloudflare.com/cdn-cgi/challenge-platform/h/g/orchestrate/chl_api/v1?ray=944e3d751b803b56&lang=auto:1:62623
gq@https://challenges.cloudflare.com/cdn-cgi/challenge-platform/h/g/orchestrate/chl_api/v1?ray=944e3d751b803b56&lang=auto:1:64592
gk/<@https://challenges.cloudflare.com/cdn-cgi/challenge-platform/h/g/orchestrate/chl_api/v1?ray=944e3d751b803b56&lang=auto:1:62392
gk/<@https://challenges.cloudflare.com/cdn-cgi/challenge-platform/h/g/orchestrate/chl_api/v1?ray=944e3d751b803b56&lang=auto:1:62595
gk@https://challenges.cloudflare.com/cdn-cgi/challenge-platform/h/g/orchestrate/chl_api/v1?ray=944e3d751b803b56&lang=auto:1:62623
gq@https://challenges.cloudflare.com/cdn-cgi/challenge-platform/h/g/orchestrate/chl_api/v1?ray=944e3d751b803b56&lang=auto:1:64592
gk/<@https://challenges.cloudflare.com/cdn-cgi/challenge-platform/h/g/orchestrate/chl_api/v1?ray=944e3d751b803b56&lang=auto:1:62392
gk/<@https://challenges.cloudflare.com/cdn-cgi/challenge-platform/h/g/orchestrate/chl_api/v1?ray=944e3d751b803b56&lang=auto:1:62595
gk@https://challenges.cloudflare.com/cdn-cgi/challenge-platform/h/g/orchestrate/chl_api/v1?ray=944e3d751b803b56&lang=auto:1:62623

JavaScript warning: https://challenges.cloudflare.com/cdn-cgi/challenge-platform/h/g/orchestrate/chl_api/v1?ray=944e3d7efdd03b56&lang=auto line 1 > eval, line 1: Script terminated by timeout at:
@https://challenges.cloudflare.com/cdn-cgi/challenge-platform/h/g/orchestrate/chl_api/v1?ray=944e3d7efdd03b56&lang=auto line 1 > eval:1:1337360
gp@https://challenges.cloudflare.com/cdn-cgi/challenge-platform/h/g/orchestrate/chl_api/v1?ray=944e3d7efdd03b56&lang=auto:1:55619
gj/<@https://challenges.cloudflare.com/cdn-cgi/challenge-platform/h/g/orchestrate/chl_api/v1?ray=944e3d7efdd03b56&lang=auto:1:87800
gj/<@https://challenges.cloudflare.com/cdn-cgi/challenge-platform/h/g/orchestrate/chl_api/v1?ray=944e3d7efdd03b56&lang=auto:1:88297
gj@https://challenges.cloudflare.com/cdn-cgi/challenge-platform/h/g/orchestrate/chl_api/v1?ray=944e3d7efdd03b56&lang=auto:1:88326

JavaScript error: , line 0: uncaught exception: Object
JavaScript warning: https://challenges.cloudflare.com/cdn-cgi/challenge-platform/h/g/orchestrate/chl_api/v1?ray=944e3d8c5d5d3b56&lang=auto, line 1: Script terminated by timeout at:
qKmrW@https://challenges.cloudflare.com/cdn-cgi/challenge-platform/h/g/orchestrate/chl_api/v1?ray=944e3d8c5d5d3b56&lang=auto:1:87441
fh@https://challenges.cloudflare.com/cdn-cgi/challenge-platform/h/g/orchestrate/chl_api/v1?ray=944e3d8c5d5d3b56&lang=auto:1:89707
f2/<@https://challenges.cloudflare.com/cdn-cgi/challenge-platform/h/g/orchestrate/chl_api/v1?ray=944e3d8c5d5d3b56&lang=auto:1:17967
f2/<@https://challenges.cloudflare.com/cdn-cgi/challenge-platform/h/g/orchestrate/chl_api/v1?ray=944e3d8c5d5d3b56&lang=auto:1:18183
f2@https://challenges.cloudflare.com/cdn-cgi/challenge-platform/h/g/orchestrate/chl_api/v1?ray=944e3d8c5d5d3b56&lang=auto:1:18214
f8@https://challenges.cloudflare.com/cdn-cgi/challenge-platform/h/g/orchestrate/chl_api/v1?ray=944e3d8c5d5d3b56&lang=auto:1:78830
f2/<@https://challenges.cloudflare.com/cdn-cgi/challenge-platform/h/g/orchestrate/chl_api/v1?ray=944e3d8c5d5d3b56&lang=auto:1:17967
f2/<@https://challenges.cloudflare.com/cdn-cgi/challenge-platform/h/g/orchestrate/chl_api/v1?ray=944e3d8c5d5d3b56&lang=auto:1:18183
f2@https://challenges.cloudflare.com/cdn-cgi/challenge-platform/h/g/orchestrate/chl_api/v1?ray=944e3d8c5d5d3b56&lang=auto:1:18214
f8@https://challenges.cloudflare.com/cdn-cgi/challenge-platform/h/g/orchestrate/chl_api/v1?ray=944e3d8c5d5d3b56&lang=auto:1:78830
f2/<@https://challenges.cloudflare.com/cdn-cgi/challenge-platform/h/g/orchestrate/chl_api/v1?ray=944e3d8c5d5d3b56&lang=auto:1:17967
f2/<@https://challenges.cloudflare.com/cdn-cgi/challenge-platform/h/g/orchestrate/chl_api/v1?ray=944e3d8c5d5d3b56&lang=auto:1:18183
f2@https://challenges.cloudflare.com/cdn-cgi/challenge-platform/h/g/orchestrate/chl_api/v1?ray=944e3d8c5d5d3b56&lang=auto:1:18214
f8@https://challenges.cloudflare.com/cdn-cgi/challenge-platform/h/g/orchestrate/chl_api/v1?ray=944e3d8c5d5d3b56&lang=auto:1:78830
f2/<@https://challenges.cloudflare.com/cdn-cgi/challenge-platform/h/g/orchestrate/chl_api/v1?ray=944e3d8c5d5d3b56&lang=auto:1:17967
f2/<@https://challenges.cloudflare.com/cdn-cgi/challenge-platform/h/g/orchestrate/chl_api/v1?ray=944e3d8c5d5d3b56&lang=auto:1:18183
f2@https://challenges.cloudflare.com/cdn-cgi/challenge-platform/h/g/orchestrate/chl_api/v1?ray=944e3d8c5d5d3b56&lang=auto:1:18214
f8@https://challenges.cloudflare.com/cdn-cgi/challenge-platform/h/g/orchestrate/chl_api/v1?ray=944e3d8c5d5d3b56&lang=auto:1:78853
f2/<@https://challenges.cloudflare.com/cdn-cgi/challenge-platform/h/g/orchestrate/chl_api/v1?ray=944e3d8c5d5d3b56&lang=auto:1:17967
f2/<@https://challenges.cloudflare.com/cdn-cgi/challenge-platform/h/g/orchestrate/chl_api/v1?ray=944e3d8c5d5d3b56&lang=auto:1:18183
f2@https://challenges.cloudflare.com/cdn-cgi/challenge-platform/h/g/orchestrate/chl_api/v1?ray=944e3d8c5d5d3b56&lang=auto:1:18214
f8@https://challenges.cloudflare.com/cdn-cgi/challenge-platform/h/g/orchestrate/chl_api/v1?ray=944e3d8c5d5d3b56&lang=auto:1:78830
f2/<@https://challenges.cloudflare.com/cdn-cgi/challenge-platform/h/g/orchestrate/chl_api/v1?ray=944e3d8c5d5d3b56&lang=auto:1:17967
f2/<@https://challenges.cloudflare.com/cdn-cgi/challenge-platform/h/g/orchestrate/chl_api/v1?ray=944e3d8c5d5d3b56&lang=auto:1:18183
f2@https://challenges.cloudflare.com/cdn-cgi/challenge-platform/h/g/orchestrate/chl_api/v1?ray=944e3d8c5d5d3b56&lang=auto:1:18214
f8@https://challenges.cloudflare.com/cdn-cgi/challenge-platform/h/g/orchestrate/chl_api/v1?ray=944e3d8c5d5d3b56&lang=auto:1:78830
f2/<@https://challenges.cloudflare.com/cdn-cgi/challenge-platform/h/g/orchestrate/chl_api/v1?ray=944e3d8c5d5d3b56&lang=auto:1:17967
f2/<@https://challenges.cloudflare.com/cdn-cgi/challenge-platform/h/g/orchestrate/chl_api/v1?ray=944e3d8c5d5d3b56&lang=auto:1:18183
f2@https://challenges.cloudflare.com/cdn-cgi/challenge-platform/h/g/orchestrate/chl_api/v1?ray=944e3d8c5d5d3b56&lang=auto:1:18214
f8@https://challenges.cloudflare.com/cdn-cgi/challenge-platform/h/g/orchestrate/chl_api/v1?ray=944e3d8c5d5d3b56&lang=auto:1:78830
f2/<@https://challenges.cloudflare.com/cdn-cgi/challenge-platform/h/g/orchestrate/chl_api/v1?ray=944e3d8c5d5d3b56&lang=auto:1:17967
f2/<@https://challenges.cloudflare.com/cdn-cgi/challenge-platform/h/g/orchestrate/chl_api/v1?ray=944e3d8c5d5d3b56&lang=auto:1:18183
f2@https://challenges.cloudflare.com/cdn-cgi/challenge-platform/h/g/orchestrate/chl_api/v1?ray=944e3d8c5d5d3b56&lang=auto:1:18214

JavaScript warning: https://challenges.cloudflare.com/cdn-cgi/challenge-platform/h/g/orchestrate/chl_api/v1?ray=944e3d99cca53b56&lang=auto, line 1: WEBGL_debug_renderer_info is deprecated in Firefox and will be removed. Please use RENDERER.
JavaScript error: https://challenges.cloudflare.com/turnstile/v0/api.js?onload=onloadTurnstileCallback, line 1: TurnstileError: [Cloudflare Turnstile] Error: 600010.
1748104890765	Marionette	WARN	Ignoring event 'pageshow' because document has an invalid readyState of 'uninitialized'.
JavaScript error: https://challenges.cloudflare.com/turnstile/v0/api.js?onload=onloadTurnstileCallback, line 1: TurnstileError: [Cloudflare Turnstile] Could not load challenge from challenges.cloudflare.com..
JavaScript error: , line 0: AbortError: The operation was aborted. 
1748104891645	Marionette	WARN	Ignoring event 'pageshow' because document has an invalid readyState of 'uninitialized'.
JavaScript error: https://challenges.cloudflare.com/turnstile/v0/api.js?onload=onloadTurnstileCallback, line 1: TurnstileError: [Cloudflare Turnstile] Could not load challenge from challenges.cloudflare.com..
JavaScript error: , line 0: uncaught exception: Object
JavaScript warning: https://challenges.cloudflare.com/cdn-cgi/challenge-platform/h/g/orchestrate/chl_api/v1?ray=944e3dc64c6f3b56&lang=auto, line 1: Script terminated by timeout at:
eY/<@https://challenges.cloudflare.com/cdn-cgi/challenge-platform/h/g/orchestrate/chl_api/v1?ray=944e3dc64c6f3b56&lang=auto:1:52653
eY@https://challenges.cloudflare.com/cdn-cgi/challenge-platform/h/g/orchestrate/chl_api/v1?ray=944e3dc64c6f3b56&lang=auto:1:53593
f4@https://challenges.cloudflare.com/cdn-cgi/challenge-platform/h/g/orchestrate/chl_api/v1?ray=944e3dc64c6f3b56&lang=auto:1:63977
eY/<@https://challenges.cloudflare.com/cdn-cgi/challenge-platform/h/g/orchestrate/chl_api/v1?ray=944e3dc64c6f3b56&lang=auto:1:53209
eY/<@https://challenges.cloudflare.com/cdn-cgi/challenge-platform/h/g/orchestrate/chl_api/v1?ray=944e3dc64c6f3b56&lang=auto:1:53552
eY@https://challenges.cloudflare.com/cdn-cgi/challenge-platform/h/g/orchestrate/chl_api/v1?ray=944e3dc64c6f3b56&lang=auto:1:53593

1748104896106	Marionette	WARN	Ignoring event 'pageshow' because document has an invalid readyState of 'uninitialized'.
JavaScript error: https://challenges.cloudflare.com/turnstile/v0/api.js?onload=onloadTurnstileCallback, line 1: TurnstileError: [Cloudflare Turnstile] Could not load challenge from challenges.cloudflare.com..
1748104898248	Marionette	INFO	Stopped listening on port 57176
JavaScript warning: https://ranking.sanrio.co.jp/_astro/index.CPUO-Bb3.js, line 1: Script terminated by timeout at:
c@https://ranking.sanrio.co.jp/_astro/index.CPUO-Bb3.js:1:85
@https://ranking.sanrio.co.jp/_astro/hoisted.BSUlPDNK.js:1:1451

1748104994309	geckodriver	INFO	Listening on 127.0.0.1:57259
1748104994321	mozrunner::runner	INFO	Running command: MOZ_CRASHREPORTER="1" MOZ_CRASHREPORTER_NO_REPORT="1" MOZ_CRASHREPORTER_SHUTDOWN="1" "/Applications/Firefox. ... s" "localhost" "-foreground" "-no-remote" "-profile" "/var/folders/kz/5ld818f5435dp_v10ccrpb3w0000gn/T/rust_mozprofilexLfa20"
console.warn: services.settings: Ignoring preference override of remote settings server
console.warn: services.settings: Allow by setting MOZ_REMOTE_SETTINGS_DEVTOOLS=1 in the environment
1748104995227	Marionette	INFO	Marionette enabled
1748104995672	Marionette	INFO	Listening on port 57265
Read port: 57265
WebDriver BiDi listening on ws://127.0.0.1:57260
1748104995917	RemoteAgent	WARN	TLS certificate errors will be ignored for this session
JavaScript warning: https://challenges.cloudflare.com/cdn-cgi/challenge-platform/h/g/orchestrate/chl_api/v1?ray=944e405a5be16418&lang=auto, line 1: WEBGL_debug_renderer_info is deprecated in Firefox and will be removed. Please use RENDERER.
JavaScript error: https://challenges.cloudflare.com/turnstile/v0/api.js?onload=onloadTurnstileCallback, line 1: TurnstileError: [Cloudflare Turnstile] Error: 600010.
1748105014462	Marionette	WARN	Ignoring event 'pageshow' because document has an invalid readyState of 'uninitialized'.
1748105039964	Marionette	WARN	Ignoring event 'pageshow' because document has an invalid readyState of 'uninitialized'.
JavaScript error: https://challenges.cloudflare.com/turnstile/v0/api.js?onload=onloadTurnstileCallback, line 1: TurnstileError: [Cloudflare Turnstile] Could not load challenge from challenges.cloudflare.com..
JavaScript error: https://challenges.cloudflare.com/turnstile/v0/api.js?onload=onloadTurnstileCallback, line 1: TurnstileError: [Cloudflare Turnstile] Error: 300030.
1748105051925	Marionette	WARN	Ignoring event 'pageshow' because document has an invalid readyState of 'uninitialized'.
JavaScript warning: https://challenges.cloudflare.com/cdn-cgi/challenge-platform/h/g/orchestrate/chl_api/v1?ray=944e41b57be1ef15&lang=auto, line 1: WEBGL_debug_renderer_info is deprecated in Firefox and will be removed. Please use RENDERER.
JavaScript error: https://challenges.cloudflare.com/turnstile/v0/api.js?onload=onloadTurnstileCallback, line 1: TurnstileError: [Cloudflare Turnstile] Error: 600010.
JavaScript warning: https://challenges.cloudflare.com/cdn-cgi/challenge-platform/h/g/orchestrate/chl_api/v1?ray=944e41ca2f37ef15&lang=auto, line 1: WEBGL_debug_renderer_info is deprecated in Firefox and will be removed. Please use RENDERER.
JavaScript error: https://challenges.cloudflare.com/turnstile/v0/api.js?onload=onloadTurnstileCallback, line 1: TurnstileError: [Cloudflare Turnstile] Error: 600010.
1748105070606	Marionette	WARN	Ignoring event 'pageshow' because document has an invalid readyState of 'uninitialized'.
1748105085920	Marionette	WARN	Ignoring event 'pageshow' because document has an invalid readyState of 'uninitialized'.
JavaScript error: https://challenges.cloudflare.com/turnstile/v0/api.js?onload=onloadTurnstileCallback, line 1: TurnstileError: [Cloudflare Turnstile] Could not load challenge from challenges.cloudflare.com..
JavaScript warning: https://challenges.cloudflare.com/cdn-cgi/challenge-platform/h/g/orchestrate/chl_api/v1?ray=944e4287888aef15&lang=auto, line 1: WEBGL_debug_renderer_info is deprecated in Firefox and will be removed. Please use RENDERER.
JavaScript error: https://challenges.cloudflare.com/turnstile/v0/api.js?onload=onloadTurnstileCallback, line 1: TurnstileError: [Cloudflare Turnstile] Error: 600010.
1748105091610	Marionette	INFO	Stopped listening on port 57265
JavaScript warning: https://ranking.sanrio.co.jp/_astro/index.CPUO-Bb3.js, line 1: Script terminated by timeout at:
c@https://ranking.sanrio.co.jp/_astro/index.CPUO-Bb3.js:1:85
@https://ranking.sanrio.co.jp/_astro/hoisted.BSUlPDNK.js:1:1451

